
6월 05, 2019 12:15:44.97 NEW SESSION
6월 05, 2019 12:15:44.97 [10348:11352:0605/121544.959:ERROR:appcache_update_url_loader_request.cc(174)] NOT IMPLEMENTED
6월 05, 2019 13:10:44.91 [10348:11352:0605/131044.918:ERROR:appcache_update_url_loader_request.cc(174)] NOT IMPLEMENTED

6월 12, 2019 11:10:44.96 NEW SESSION
6월 12, 2019 11:10:44.96 [5168:13296:0612/111044.959:ERROR:appcache_update_url_loader_request.cc(174)] NOT IMPLEMENTED
6월 12, 2019 11:15:44.89 [5168:13296:0612/111544.890:ERROR:appcache_update_url_loader_request.cc(174)] NOT IMPLEMENTED
6월 12, 2019 11:58:57.48 [5168:8344:0612/115857.484:ERROR:http_bridge.cc(127)] NOT IMPLEMENTED
6월 12, 2019 11:58:57.53 [5168:13296:0612/115857.530:ERROR:browser_process_sub_thread.cc(217)] Waited 6 ms for network service
6월 12, 2019 12:15:44.93 [9076:9576:0612/121544.938:ERROR:appcache_update_url_loader_request.cc(174)] NOT IMPLEMENTED
6월 12, 2019 12:50:45.09 [9076:9576:0612/125045.096:ERROR:appcache_update_url_loader_request.cc(174)] NOT IMPLEMENTED
6월 12, 2019 14:28:12.18 [9076:7092:0612/142812.183:ERROR:http_bridge.cc(127)] NOT IMPLEMENTED
6월 12, 2019 14:28:12.25 [9076:9576:0612/142812.254:ERROR:browser_process_sub_thread.cc(217)] Waited 7 ms for network service

6월 13, 2019 12:07:55.85 NEW SESSION
6월 13, 2019 12:07:55.85 [12132:9404:0613/120755.839:ERROR:http_bridge.cc(127)] NOT IMPLEMENTED
6월 13, 2019 12:07:55.91 [12132:692:0613/120755.915:ERROR:browser_process_sub_thread.cc(217)] Waited 28 ms for network service
6월 13, 2019 12:45:07.04 [7220:11212:0613/124507.049:ERROR:http_bridge.cc(127)] NOT IMPLEMENTED
6월 13, 2019 12:45:07.09 [7220:1032:0613/124507.095:ERROR:browser_process_sub_thread.cc(217)] Waited 6 ms for network service
6월 13, 2019 13:40:45.10 [6656:11236:0613/134045.100:ERROR:appcache_update_url_loader_request.cc(174)] NOT IMPLEMENTED

6월 14, 2019 11:24:35.22 NEW SESSION
6월 14, 2019 11:24:35.22 [15084:6120:0614/112435.223:ERROR:CONSOLE(0)] "Blocked script execution in 'data:text/html,%3C!DOCTYPE%20html%3E%0D%0A%3Chtml%3E%0D%0A%3Chead%3E%0D%0A%3Cmeta%20charset=%22UTF-8%22%3E%0D%0A%3Ctitle%3EInsert%20title%20here%3C/title%3E%0D%0A%09%3Cscript%20type=%22text/javascript%22%3E%0D%0A%09%09function%20send()%7B%0D%0A%09%20%20%20%20%20%20%20%20var%20days%20=%20new%20Array(7);%0D%0A%09%20%20%20%20%20%20%20%20days%5B0%5D%20=%20%22%EC%9D%BC%EC%9A%94%EC%9D%BC%22;%20%20%20%20%0D%0A%09%20%20%20%20%20%20%20%20days%5B1%5D%20=%20%22%EC%9B%94%EC%9A%94%EC%9D%BC%22;%20%20%20%20%0D%0A%09%20%2...%20%20%20%20%20%20%20days%5B6%5D%20=%20%22%ED%86%A0%EC%9A%94%EC%9D%BC%22;%20%20%20%20%0D%0A%20%20%20%20%20%20%20%20for(var%20i=0;i%3Cdays.length;i++)%7B%0D%0A%20%20%20%20%20%20%20%20%20%20%20%20document.write(days%5Bi%5D+%22%3Cbr%3E%22);%0D%0A%20%20%20%20%20%20%20%20%7D%0D%0A%20%20%20%20%20%20%20%20document.write(days%5B1+2%5D);%20*/%0D%0A%20%20%20%20%3C/script%3E%0D%0A%20%20%20%20%3Chr%3E%0D%0A%20%20%20%20%3Cbutton%20onclick=%22send()%22%3E%EC%A0%84%EC%86%A1%3C/button%3E%0D%0A%3C/body%3E%0D%0A%3C/html%3E' because the document's frame is sandboxed and the 'allow-scripts' permission is not set.", source: data:text/html,%3C!DOCTYPE%20html%3E%0D%0A%3Chtml%3E%0D%0A%3Chead%3E%0D%0A%3Cmeta%20charset=%22UTF-8%22%3E%0D%0A%3Ctitle%3EInsert%20title%20here%3C/title%3E%0D%0A%09%3Cscript%20type=%22text/javascript%22%3E%0D%0A%09%09function%20send()%7B%0D%0A%09%20%20%20%20%20%20%20%20var%20days%20=%20new%20Array(7);%0D%0A%09%20%20%20%20%20%20%20%20days%5B0%5D%20=%20%22%EC%9D%BC%EC%9A%94%EC%9D%BC%22;%20%20%20%20%0D%0A%09%20%20%20%20%20%20%20%20days%5B1%5D%20=%20%22%EC%9B%94%EC%9A%94%EC%9D%BC%22;%20%20%20%20%0D%0A%09%20%20%20%20%20%20%20%20days%5B2%5D%20=%20%22%ED%99%94%EC%9A%94%EC%9D%BC%22;%20%20%20%20%0D%0A%09%20%20%20%20%20%20%20%20days%5B3%5D%20=%20%22%EC%88%98%EC%9A%94%EC%9D%BC%22;%20%20%20%20%0D%0A%09%20%20%20%20%20%20%20%20days%5B4%5D%20=%20%22%EB%AA%A9%EC%9A%94%EC%9D%BC%22;%20%20%20%20%0D%0A%09%20%20%20%20%20%20%20%20days%5B5%5D%20=%20%22%EA%B8%88%EC%9A%94%EC%9D%BC%22;%20%20%20%20%0D%0A%09%20%20%20%20%20%20%20%20days%5B6%5D%20=%20%22%ED%86%A0%EC%9A%94%EC%9D%BC%22;%20%20%20%20%0D%0A%09%20%20%20%20%20%20%20%20for(var%20i=0;i%3Cdays.length;i++)%7B%0D%0A%09%20%20%20%20%20%20%20%20%20%20%20%20document.write(days%5Bi%5D+%22%3Cbr%3E%22);%0D%0A%09%20%20%20%20%20%20%20%20%7D%0D%0A%09%20%20%20%20%20%20%20%20document.write(days%5B1+2%5D);%09%09%09%0D%0A%09%09%7D%0D%0A%09%3C/script%3E%0D%0A%3C/head%3E%0D%0A%3Cbody%3E%0D%0A%09%EC%97%AC%EA%B8%B0%0D%0A%20%20%20%20%3Cscript%3E%0D%0A/*%20%20%20%20%20%20%20%20%20var%20days%20=%20new%20Array(7);%0D%0A%20%20%20%20%20%20%20%20days%5B0%5D%20=%20%22%EC%9D%BC%EC%9A%94%EC%9D%BC%22;%20%20%20%20%0D%0A%20%20%20%20%20%20%20%20days%5B1%5D%20=%20%22%EC%9B%94%EC%9A%94%EC%9D%BC%22;%20%20%20%20%0D%0A%20%20%20%20%20%20%20%20days%5B2%5D%20=%20%22%ED%99%94%EC%9A%94%EC%9D%BC%22;%20%20%20%20%0D%0A%20%20%20%20%20%20%20%20days%5B3%5D%20=%20%22%EC%88%98%EC%9A%94%EC%9D%BC%22;%20%20%20%20%0D%0A%20%20%20%20%20%20%20%20days%5B4%5D%20=%20%22%EB%AA%A9%EC%9A%94%EC%9D%BC%22;%20%20%20%20%0D%0A%20%20%20%20%20%20%20%20days%5B5%5D%20=%20%22%EA%B8%88%EC%9A%94%EC%9D%BC%22;%20%20%20%20%0D%0A%20%20%20%20%20%20%20%20days%5B6%5D%20=%20%22%ED%86%A0%EC%9A%94%EC%9D%BC%22;%20%20%20%20%0D%0A%20%20%20%20%20%20%20%20for(var%20i=0;i%3Cdays.length;i++)%7B%0D%0A%20%20%20%20%20%20%20%20%20%20%20%20document.write(days%5Bi%5D+%22%3Cbr%3E%22);%0D%0A%20%20%20%20%20%20%20%20%7D%0D%0A%20%20%20%20%20%20%20%20document.write(days%5B1+2%5D);%20*/%0D%0A%20%20%20%20%3C/script%3E%0D%0A%20%20%20%20%3Chr%3E%0D%0A%20%20%20%20%3Cbutton%20onclick=%22send()%22%3E%EC%A0%84%EC%86%A1%3C/button%3E%0D%0A%3C/body%3E%0D%0A%3C/html%3E (0)
6월 14, 2019 11:24:35.79 [15084:6120:0614/112435.223:ERROR:CONSOLE(0)] "Blocked script execution in 'data:text/html,%3C!DOCTYPE%20html%3E%0D%0A%3Chtml%3E%0D%0A%3Chead%3E%0D%0A%3Cmeta%20charset=%22UTF-8%22%3E%0D%0A%3Ctitle%3EInsert%20title%20here%3C/title%3E%0D%0A%09%3Cscript%20type=%22text/javascript%22%3E%0D%0A%09%09function%20send()%7B%0D%0A%09%20%20%20%20%20%20%20%20var%20days%20=%20new%20Array(7);%0D%0A%09%20%20%20%20%20%20%20%20days%5B0%5D%20=%20%22%EC%9D%BC%EC%9A%94%EC%9D%BC%22;%20%20%20%20%0D%0A%09%20%20%20%20%20%20%20%20days%5B1%5D%20=%20%22%EC%9B%94%EC%9A%94%EC%9D%BC%22;%20%20%20%20%0D%0A%09%20%2...%20%20%20%20%20%20%20days%5B6%5D%20=%20%22%ED%86%A0%EC%9A%94%EC%9D%BC%22;%20%20%20%20%0D%0A%20%20%20%20%20%20%20%20for(var%20i=0;i%3Cdays.length;i++)%7B%0D%0A%20%20%20%20%20%20%20%20%20%20%20%20document.write(days%5Bi%5D+%22%3Cbr%3E%22);%0D%0A%20%20%20%20%20%20%20%20%7D%0D%0A%20%20%20%20%20%20%20%20document.write(days%5B1+2%5D);%20*/%0D%0A%20%20%20%20%3C/script%3E%0D%0A%20%20%20%20%3Chr%3E%0D%0A%20%20%20%20%3Cbutton%20onclick=%22send()%22%3E%EC%A0%84%EC%86%A1%3C/button%3E%0D%0A%3C/body%3E%0D%0A%3C/html%3E' because the document's frame is sandboxed and the 'allow-scripts' permission is not set.", source: data:text/html,%3C!DOCTYPE%20html%3E%0D%0A%3Chtml%3E%0D%0A%3Chead%3E%0D%0A%3Cmeta%20charset=%22UTF-8%22%3E%0D%0A%3Ctitle%3EInsert%20title%20here%3C/title%3E%0D%0A%09%3Cscript%20type=%22text/javascript%22%3E%0D%0A%09%09function%20send()%7B%0D%0A%09%20%20%20%20%20%20%20%20var%20days%20=%20new%20Array(7);%0D%0A%09%20%20%20%20%20%20%20%20days%5B0%5D%20=%20%22%EC%9D%BC%EC%9A%94%EC%9D%BC%22;%20%20%20%20%0D%0A%09%20%20%20%20%20%20%20%20days%5B1%5D%20=%20%22%EC%9B%94%EC%9A%94%EC%9D%BC%22;%20%20%20%20%0D%0A%09%20%20%20%20%20%20%20%20days%5B2%5D%20=%20%22%ED%99%94%EC%9A%94%EC%9D%BC%22;%20%20%20%20%0D%0A%09%20%20%20%20%20%20%20%20days%5B3%5D%20=%20%22%EC%88%98%EC%9A%94%EC%9D%BC%22;%20%20%20%20%0D%0A%09%20%20%20%20%20%20%20%20days%5B4%5D%20=%20%22%EB%AA%A9%EC%9A%94%EC%9D%BC%22;%20%20%20%20%0D%0A%09%20%20%20%20%20%20%20%20days%5B5%5D%20=%20%22%EA%B8%88%EC%9A%94%EC%9D%BC%22;%20%20%20%20%0D%0A%09%20%20%20%20%20%20%20%20days%5B6%5D%20=%20%22%ED%86%A0%EC%9A%94%EC%9D%BC%22;%20%20%20%20%0D%0A%09%20%20%20%20%20%20%20%20for(var%20i=0;i%3Cdays.length;i++)%7B%0D%0A%09%20%20%20%20%20%20%20%20%20%20%20%20document.write(days%5Bi%5D+%22%3Cbr%3E%22);%0D%0A%09%20%20%20%20%20%20%20%20%7D%0D%0A%09%20%20%20%20%20%20%20%20document.write(days%5B1+2%5D);%09%09%09%0D%0A%09%09%7D%0D%0A%09%3C/script%3E%0D%0A%3C/head%3E%0D%0A%3Cbody%3E%0D%0A%09%EC%97%AC%EA%B8%B0%0D%0A%20%20%20%20%3Cscript%3E%0D%0A/*%20%20%20%20%20%20%20%20%20var%20days%20=%20new%20Array(7);%0D%0A%20%20%20%20%20%20%20%20days%5B0%5D%20=%20%22%EC%9D%BC%EC%9A%94%EC%9D%BC%22;%20%20%20%20%0D%0A%20%20%20%20%20%20%20%20days%5B1%5D%20=%20%22%EC%9B%94%EC%9A%94%EC%9D%BC%22;%20%20%20%20%0D%0A%20%20%20%20%20%20%20%20days%5B2%5D%20=%20%22%ED%99%94%EC%9A%94%EC%9D%BC%22;%20%20%20%20%0D%0A%20%20%20%20%20%20%20%20days%5B3%5D%20=%20%22%EC%88%98%EC%9A%94%EC%9D%BC%22;%20%20%20%20%0D%0A%20%20%20%20%20%20%20%20days%5B4%5D%20=%20%22%EB%AA%A9%EC%9A%94%EC%9D%BC%22;%20%20%20%20%0D%0A%20%20%20%20%20%20%20%20days%5B5%5D%20=%20%22%EA%B8%88%EC%9A%94%EC%9D%BC%22;%20%20%20%20%0D%0A%20%20%20%20%20%20%20%20days%5B6%5D%20=%20%22%ED%86%A0%EC%9A%94%EC%9D%BC%22;%20%20%20%20%0D%0A%20%20%20%20%20%20%20%20for(var%20i=0;i%3Cdays.length;i++)%7B%0D%0A%20%20%20%20%20%20%20%20%20%20%20%20document.write(days%5Bi%5D+%22%3Cbr%3E%22);%0D%0A%20%20%20%20%20%20%20%20%7D%0D%0A%20%20%20%20%20%20%20%20document.write(days%5B1+2%5D);%20*/%0D%0A%20%20%20%20%3C/script%3E%0D%0A%20%20%20%20%3Chr%3E%0D%0A%20%20%20%20%3Cbutton%20onclick=%22send()%22%3E%EC%A0%84%EC%86%A1%3C/button%3E%0D%0A%3C/body%3E%0D%0A%3C/html%3E (0)
6월 14, 2019 11:24:35.81 [15084:6120:0614/112435.224:ERROR:CONSOLE(40)] "Blocked script execution in 'data:text/html,%3C!DOCTYPE%20html%3E%0D%0A%3Chtml%3E%0D%0A%3Chead%3E%0D%0A%3Cmeta%20charset=%22UTF-8%22%3E%0D%0A%3Ctitle%3EInsert%20title%20here%3C/title%3E%0D%0A%09%3Cscript%20type=%22text/javascript%22%3E%0D%0A%09%09function%20send()%7B%0D%0A%09%20%20%20%20%20%20%20%20var%20days%20=%20new%20Array(7);%0D%0A%09%20%20%20%20%20%20%20%20days%5B0%5D%20=%20%22%EC%9D%BC%EC%9A%94%EC%9D%BC%22;%20%20%20%20%0D%0A%09%20%20%20%20%20%20%20%20days%5B1%5D%20=%20%22%EC%9B%94%EC%9A%94%EC%9D%BC%22;%20%20%20%20%0D%0A%09%20%2...%20%20%20%20%20%20%20days%5B6%5D%20=%20%22%ED%86%A0%EC%9A%94%EC%9D%BC%22;%20%20%20%20%0D%0A%20%20%20%20%20%20%20%20for(var%20i=0;i%3Cdays.length;i++)%7B%0D%0A%20%20%20%20%20%20%20%20%20%20%20%20document.write(days%5Bi%5D+%22%3Cbr%3E%22);%0D%0A%20%20%20%20%20%20%20%20%7D%0D%0A%20%20%20%20%20%20%20%20document.write(days%5B1+2%5D);%20*/%0D%0A%20%20%20%20%3C/script%3E%0D%0A%20%20%20%20%3Chr%3E%0D%0A%20%20%20%20%3Cbutton%20onclick=%22send()%22%3E%EC%A0%84%EC%86%A1%3C/button%3E%0D%0A%3C/body%3E%0D%0A%3C/html%3E' because the document's frame is sandboxed and the 'allow-scripts' permission is not set.", source: data:text/html,%3C!DOCTYPE%20html%3E%0D%0A%3Chtml%3E%0D%0A%3Chead%3E%0D%0A%3Cmeta%20charset=%22UTF-8%22%3E%0D%0A%3Ctitle%3EInsert%20title%20here%3C/title%3E%0D%0A%09%3Cscript%20type=%22text/javascript%22%3E%0D%0A%09%09function%20send()%7B%0D%0A%09%20%20%20%20%20%20%20%20var%20days%20=%20new%20Array(7);%0D%0A%09%20%20%20%20%20%20%20%20days%5B0%5D%20=%20%22%EC%9D%BC%EC%9A%94%EC%9D%BC%22;%20%20%20%20%0D%0A%09%20%20%20%20%20%20%20%20days%5B1%5D%20=%20%22%EC%9B%94%EC%9A%94%EC%9D%BC%22;%20%20%20%20%0D%0A%09%20%20%20%20%20%20%20%20days%5B2%5D%20=%20%22%ED%99%94%EC%9A%94%EC%9D%BC%22;%20%20%20%20%0D%0A%09%20%20%20%20%20%20%20%20days%5B3%5D%20=%20%22%EC%88%98%EC%9A%94%EC%9D%BC%22;%20%20%20%20%0D%0A%09%20%20%20%20%20%20%20%20days%5B4%5D%20=%20%22%EB%AA%A9%EC%9A%94%EC%9D%BC%22;%20%20%20%20%0D%0A%09%20%20%20%20%20%20%20%20days%5B5%5D%20=%20%22%EA%B8%88%EC%9A%94%EC%9D%BC%22;%20%20%20%20%0D%0A%09%20%20%20%20%20%20%20%20days%5B6%5D%20=%20%22%ED%86%A0%EC%9A%94%EC%9D%BC%22;%20%20%20%20%0D%0A%09%20%20%20%20%20%20%20%20for(var%20i=0;i%3Cdays.length;i++)%7B%0D%0A%09%20%20%20%20%20%20%20%20%20%20%20%20document.write(days%5Bi%5D+%22%3Cbr%3E%22);%0D%0A%09%20%20%20%20%20%20%20%20%7D%0D%0A%09%20%20%20%20%20%20%20%20document.write(days%5B1+2%5D);%09%09%09%0D%0A%09%09%7D%0D%0A%09%3C/script%3E%0D%0A%3C/head%3E%0D%0A%3Cbody%3E%0D%0A%09%EC%97%AC%EA%B8%B0%0D%0A%20%20%20%20%3Cscript%3E%0D%0A/*%20%20%20%20%20%20%20%20%20var%20days%20=%20new%20Array(7);%0D%0A%20%20%20%20%20%20%20%20days%5B0%5D%20=%20%22%EC%9D%BC%EC%9A%94%EC%9D%BC%22;%20%20%20%20%0D%0A%20%20%20%20%20%20%20%20days%5B1%5D%20=%20%22%EC%9B%94%EC%9A%94%EC%9D%BC%22;%20%20%20%20%0D%0A%20%20%20%20%20%20%20%20days%5B2%5D%20=%20%22%ED%99%94%EC%9A%94%EC%9D%BC%22;%20%20%20%20%0D%0A%20%20%20%20%20%20%20%20days%5B3%5D%20=%20%22%EC%88%98%EC%9A%94%EC%9D%BC%22;%20%20%20%20%0D%0A%20%20%20%20%20%20%20%20days%5B4%5D%20=%20%22%EB%AA%A9%EC%9A%94%EC%9D%BC%22;%20%20%20%20%0D%0A%20%20%20%20%20%20%20%20days%5B5%5D%20=%20%22%EA%B8%88%EC%9A%94%EC%9D%BC%22;%20%20%20%20%0D%0A%20%20%20%20%20%20%20%20days%5B6%5D%20=%20%22%ED%86%A0%EC%9A%94%EC%9D%BC%22;%20%20%20%20%0D%0A%20%20%20%20%20%20%20%20for(var%20i=0;i%3Cdays.length;i++)%7B%0D%0A%20%20%20%20%20%20%20%20%20%20%20%20document.write(days%5Bi%5D+%22%3Cbr%3E%22);%0D%0A%20%20%20%20%20%20%20%20%7D%0D%0A%20%20%20%20%20%20%20%20document.write(days%5B1+2%5D);%20*/%0D%0A%20%20%20%20%3C/script%3E%0D%0A%20%20%20%20%3Chr%3E%0D%0A%20%20%20%20%3Cbutton%20onclick=%22send()%22%3E%EC%A0%84%EC%86%A1%3C/button%3E%0D%0A%3C/body%3E%0D%0A%3C/html%3E (40)

6월 20, 2019 11:10:44.96 NEW SESSION
6월 20, 2019 11:10:44.96 [13020:8444:0620/111044.957:ERROR:appcache_update_url_loader_request.cc(174)] NOT IMPLEMENTED
6월 20, 2019 11:10:45.00 [13020:8444:0620/111045.003:ERROR:appcache_update_url_loader_request.cc(174)] NOT IMPLEMENTED
6월 20, 2019 11:10:45.00 [13020:8444:0620/111045.005:ERROR:appcache_update_url_loader_request.cc(174)] NOT IMPLEMENTED
6월 20, 2019 11:10:45.01 [13020:8444:0620/111045.005:ERROR:appcache_update_url_loader_request.cc(174)] NOT IMPLEMENTED
6월 20, 2019 11:10:45.01 [13020:8444:0620/111045.007:ERROR:appcache_update_url_loader_request.cc(174)] NOT IMPLEMENTED
6월 20, 2019 11:10:45.02 [13020:8444:0620/111045.008:ERROR:appcache_update_url_loader_request.cc(174)] NOT IMPLEMENTED
6월 20, 2019 11:10:45.02 [13020:8444:0620/111045.010:ERROR:appcache_update_url_loader_request.cc(174)] NOT IMPLEMENTED
6월 20, 2019 11:10:45.03 [13020:8444:0620/111045.010:ERROR:appcache_update_url_loader_request.cc(174)] NOT IMPLEMENTED
6월 20, 2019 11:10:45.03 [13020:8444:0620/111045.012:ERROR:appcache_update_url_loader_request.cc(174)] NOT IMPLEMENTED
6월 20, 2019 11:10:45.03 [13020:8444:0620/111045.012:ERROR:appcache_update_url_loader_request.cc(174)] NOT IMPLEMENTED
6월 20, 2019 11:10:45.04 [13020:8444:0620/111045.014:ERROR:appcache_update_url_loader_request.cc(174)] NOT IMPLEMENTED
6월 20, 2019 11:10:45.04 [13020:8444:0620/111045.014:ERROR:appcache_update_url_loader_request.cc(174)] NOT IMPLEMENTED
6월 20, 2019 11:10:45.05 [13020:8444:0620/111045.017:ERROR:appcache_update_url_loader_request.cc(174)] NOT IMPLEMENTED
6월 20, 2019 11:10:45.05 [13020:8444:0620/111045.017:ERROR:appcache_update_url_loader_request.cc(174)] NOT IMPLEMENTED
6월 20, 2019 11:10:45.05 [13020:8444:0620/111045.018:ERROR:appcache_update_url_loader_request.cc(174)] NOT IMPLEMENTED
6월 20, 2019 11:10:45.06 [13020:8444:0620/111045.020:ERROR:appcache_update_url_loader_request.cc(174)] NOT IMPLEMENTED
6월 20, 2019 11:10:45.06 [13020:8444:0620/111045.020:ERROR:appcache_update_url_loader_request.cc(174)] NOT IMPLEMENTED
6월 20, 2019 11:10:45.07 [13020:8444:0620/111045.022:ERROR:appcache_update_url_loader_request.cc(174)] NOT IMPLEMENTED
6월 20, 2019 11:10:45.07 [13020:8444:0620/111045.024:ERROR:appcache_update_url_loader_request.cc(174)] NOT IMPLEMENTED
6월 20, 2019 11:10:45.07 [13020:8444:0620/111045.024:ERROR:appcache_update_url_loader_request.cc(174)] NOT IMPLEMENTED
6월 20, 2019 11:10:45.08 [13020:8444:0620/111045.025:ERROR:appcache_update_url_loader_request.cc(174)] NOT IMPLEMENTED
6월 20, 2019 11:10:45.08 [13020:8444:0620/111045.025:ERROR:appcache_update_url_loader_request.cc(174)] NOT IMPLEMENTED
6월 20, 2019 11:10:45.09 [13020:8444:0620/111045.028:ERROR:appcache_update_url_loader_request.cc(174)] NOT IMPLEMENTED
6월 20, 2019 11:10:45.09 [13020:8444:0620/111045.030:ERROR:appcache_update_url_loader_request.cc(174)] NOT IMPLEMENTED
6월 20, 2019 11:10:45.09 [13020:8444:0620/111045.030:ERROR:appcache_update_url_loader_request.cc(174)] NOT IMPLEMENTED
6월 20, 2019 11:10:45.10 [13020:8444:0620/111045.042:ERROR:appcache_update_url_loader_request.cc(174)] NOT IMPLEMENTED
6월 20, 2019 11:10:45.10 [13020:8444:0620/111045.043:ERROR:appcache_update_url_loader_request.cc(174)] NOT IMPLEMENTED
6월 20, 2019 11:10:45.11 [13020:8444:0620/111045.044:ERROR:appcache_update_url_loader_request.cc(174)] NOT IMPLEMENTED
6월 20, 2019 11:10:45.11 [13020:8444:0620/111045.044:ERROR:appcache_update_url_loader_request.cc(174)] NOT IMPLEMENTED
6월 20, 2019 11:10:45.12 [13020:8444:0620/111045.045:ERROR:appcache_update_url_loader_request.cc(174)] NOT IMPLEMENTED
6월 20, 2019 11:10:45.12 [13020:8444:0620/111045.048:ERROR:appcache_update_url_loader_request.cc(174)] NOT IMPLEMENTED
6월 20, 2019 11:10:45.12 [13020:8444:0620/111045.048:ERROR:appcache_update_url_loader_request.cc(174)] NOT IMPLEMENTED
6월 20, 2019 11:10:45.13 [13020:8444:0620/111045.049:ERROR:appcache_update_url_loader_request.cc(174)] NOT IMPLEMENTED
6월 20, 2019 11:10:45.13 [13020:8444:0620/111045.049:ERROR:appcache_update_url_loader_request.cc(174)] NOT IMPLEMENTED
6월 20, 2019 11:10:45.13 [13020:8444:0620/111045.050:ERROR:appcache_update_url_loader_request.cc(174)] NOT IMPLEMENTED
6월 20, 2019 11:10:45.14 [13020:8444:0620/111045.052:ERROR:appcache_update_url_loader_request.cc(174)] NOT IMPLEMENTED
6월 20, 2019 11:10:45.14 [13020:8444:0620/111045.052:ERROR:appcache_update_url_loader_request.cc(174)] NOT IMPLEMENTED
6월 20, 2019 11:10:45.15 [13020:8444:0620/111045.053:ERROR:appcache_update_url_loader_request.cc(174)] NOT IMPLEMENTED
6월 20, 2019 11:10:45.15 [13020:8444:0620/111045.055:ERROR:appcache_update_url_loader_request.cc(174)] NOT IMPLEMENTED
6월 20, 2019 11:10:45.15 [13020:8444:0620/111045.055:ERROR:appcache_update_url_loader_request.cc(174)] NOT IMPLEMENTED
6월 20, 2019 11:10:45.16 [13020:8444:0620/111045.055:ERROR:appcache_update_url_loader_request.cc(174)] NOT IMPLEMENTED
6월 20, 2019 11:10:45.16 [13020:8444:0620/111045.057:ERROR:appcache_update_url_loader_request.cc(174)] NOT IMPLEMENTED
6월 20, 2019 11:10:45.16 [13020:8444:0620/111045.057:ERROR:appcache_update_url_loader_request.cc(174)] NOT IMPLEMENTED
6월 20, 2019 11:10:45.17 [13020:8444:0620/111045.058:ERROR:appcache_update_url_loader_request.cc(174)] NOT IMPLEMENTED
6월 20, 2019 11:10:45.17 [13020:8444:0620/111045.058:ERROR:appcache_update_url_loader_request.cc(174)] NOT IMPLEMENTED
6월 20, 2019 11:10:45.17 [13020:8444:0620/111045.060:ERROR:appcache_update_url_loader_request.cc(174)] NOT IMPLEMENTED
6월 20, 2019 11:10:45.18 [13020:8444:0620/111045.060:ERROR:appcache_update_url_loader_request.cc(174)] NOT IMPLEMENTED
6월 20, 2019 11:10:45.18 [13020:8444:0620/111045.061:ERROR:appcache_update_url_loader_request.cc(174)] NOT IMPLEMENTED
6월 20, 2019 11:10:45.18 [13020:8444:0620/111045.062:ERROR:appcache_update_url_loader_request.cc(174)] NOT IMPLEMENTED
6월 20, 2019 11:10:45.19 [13020:8444:0620/111045.062:ERROR:appcache_update_url_loader_request.cc(174)] NOT IMPLEMENTED
6월 20, 2019 11:10:45.19 [13020:8444:0620/111045.065:ERROR:appcache_update_url_loader_request.cc(174)] NOT IMPLEMENTED
6월 20, 2019 11:10:45.20 [13020:8444:0620/111045.065:ERROR:appcache_update_url_loader_request.cc(174)] NOT IMPLEMENTED
6월 20, 2019 11:10:45.20 [13020:8444:0620/111045.066:ERROR:appcache_update_url_loader_request.cc(174)] NOT IMPLEMENTED
6월 20, 2019 11:10:45.20 [13020:8444:0620/111045.068:ERROR:appcache_update_url_loader_request.cc(174)] NOT IMPLEMENTED
6월 20, 2019 11:10:45.21 [13020:8444:0620/111045.068:ERROR:appcache_update_url_loader_request.cc(174)] NOT IMPLEMENTED
6월 20, 2019 11:10:45.21 [13020:8444:0620/111045.070:ERROR:appcache_update_url_loader_request.cc(174)] NOT IMPLEMENTED
6월 20, 2019 11:10:45.21 [13020:8444:0620/111045.070:ERROR:appcache_update_url_loader_request.cc(174)] NOT IMPLEMENTED
6월 20, 2019 11:10:45.22 [13020:8444:0620/111045.071:ERROR:appcache_update_url_loader_request.cc(174)] NOT IMPLEMENTED
6월 20, 2019 11:10:45.22 [13020:8444:0620/111045.072:ERROR:appcache_update_url_loader_request.cc(174)] NOT IMPLEMENTED
6월 20, 2019 11:10:45.22 [13020:8444:0620/111045.073:ERROR:appcache_update_url_loader_request.cc(174)] NOT IMPLEMENTED
6월 20, 2019 11:10:45.23 [13020:8444:0620/111045.074:ERROR:appcache_update_url_loader_request.cc(174)] NOT IMPLEMENTED
6월 20, 2019 11:10:45.23 [13020:8444:0620/111045.074:ERROR:appcache_update_url_loader_request.cc(174)] NOT IMPLEMENTED
6월 20, 2019 11:10:45.23 [13020:8444:0620/111045.075:ERROR:appcache_update_url_loader_request.cc(174)] NOT IMPLEMENTED
6월 20, 2019 11:10:45.24 [13020:8444:0620/111045.075:ERROR:appcache_update_url_loader_request.cc(174)] NOT IMPLEMENTED
6월 20, 2019 11:10:45.24 [13020:8444:0620/111045.077:ERROR:appcache_update_url_loader_request.cc(174)] NOT IMPLEMENTED
6월 20, 2019 11:10:45.24 [13020:8444:0620/111045.077:ERROR:appcache_update_url_loader_request.cc(174)] NOT IMPLEMENTED
6월 20, 2019 11:10:45.25 [13020:8444:0620/111045.079:ERROR:appcache_update_url_loader_request.cc(174)] NOT IMPLEMENTED
6월 20, 2019 11:10:45.25 [13020:8444:0620/111045.079:ERROR:appcache_update_url_loader_request.cc(174)] NOT IMPLEMENTED
6월 20, 2019 11:10:45.25 [13020:8444:0620/111045.081:ERROR:appcache_update_url_loader_request.cc(174)] NOT IMPLEMENTED
6월 20, 2019 11:10:45.26 [13020:8444:0620/111045.081:ERROR:appcache_update_url_loader_request.cc(174)] NOT IMPLEMENTED
6월 20, 2019 11:10:45.26 [13020:8444:0620/111045.081:ERROR:appcache_update_url_loader_request.cc(174)] NOT IMPLEMENTED
6월 20, 2019 11:10:45.26 [13020:8444:0620/111045.082:ERROR:appcache_update_url_loader_request.cc(174)] NOT IMPLEMENTED
6월 20, 2019 11:10:45.27 [13020:8444:0620/111045.082:ERROR:appcache_update_url_loader_request.cc(174)] NOT IMPLEMENTED
6월 20, 2019 11:10:45.27 [13020:8444:0620/111045.084:ERROR:appcache_update_url_loader_request.cc(174)] NOT IMPLEMENTED
6월 20, 2019 11:10:45.27 [13020:8444:0620/111045.084:ERROR:appcache_update_url_loader_request.cc(174)] NOT IMPLEMENTED
6월 20, 2019 11:10:45.28 [13020:8444:0620/111045.086:ERROR:appcache_update_url_loader_request.cc(174)] NOT IMPLEMENTED
6월 20, 2019 11:10:45.28 [13020:8444:0620/111045.086:ERROR:appcache_update_url_loader_request.cc(174)] NOT IMPLEMENTED
6월 20, 2019 11:10:45.29 [13020:8444:0620/111045.089:ERROR:appcache_update_url_loader_request.cc(174)] NOT IMPLEMENTED
6월 20, 2019 11:10:45.29 [13020:8444:0620/111045.090:ERROR:appcache_update_url_loader_request.cc(174)] NOT IMPLEMENTED
6월 20, 2019 11:10:45.29 [13020:8444:0620/111045.091:ERROR:appcache_update_url_loader_request.cc(174)] NOT IMPLEMENTED
6월 20, 2019 11:10:45.30 [13020:8444:0620/111045.091:ERROR:appcache_update_url_loader_request.cc(174)] NOT IMPLEMENTED
6월 20, 2019 11:10:45.30 [13020:8444:0620/111045.091:ERROR:appcache_update_url_loader_request.cc(174)] NOT IMPLEMENTED
6월 20, 2019 11:10:45.30 [13020:8444:0620/111045.092:ERROR:appcache_update_url_loader_request.cc(174)] NOT IMPLEMENTED
6월 20, 2019 11:10:45.31 [13020:8444:0620/111045.093:ERROR:appcache_update_url_loader_request.cc(174)] NOT IMPLEMENTED
6월 20, 2019 11:10:45.31 [13020:8444:0620/111045.094:ERROR:appcache_update_url_loader_request.cc(174)] NOT IMPLEMENTED
6월 20, 2019 11:10:45.31 [13020:8444:0620/111045.094:ERROR:appcache_update_url_loader_request.cc(174)] NOT IMPLEMENTED
6월 20, 2019 11:10:45.32 [13020:8444:0620/111045.095:ERROR:appcache_update_url_loader_request.cc(174)] NOT IMPLEMENTED
6월 20, 2019 11:10:45.32 [13020:8444:0620/111045.095:ERROR:appcache_update_url_loader_request.cc(174)] NOT IMPLEMENTED
6월 20, 2019 11:10:45.32 [13020:8444:0620/111045.096:ERROR:appcache_update_url_loader_request.cc(174)] NOT IMPLEMENTED
6월 20, 2019 11:10:45.33 [13020:8444:0620/111045.097:ERROR:appcache_update_url_loader_request.cc(174)] NOT IMPLEMENTED
6월 20, 2019 11:10:45.33 [13020:8444:0620/111045.098:ERROR:appcache_update_url_loader_request.cc(174)] NOT IMPLEMENTED
6월 20, 2019 11:10:45.33 [13020:8444:0620/111045.098:ERROR:appcache_update_url_loader_request.cc(174)] NOT IMPLEMENTED
6월 20, 2019 11:10:45.34 [13020:8444:0620/111045.099:ERROR:appcache_update_url_loader_request.cc(174)] NOT IMPLEMENTED
6월 20, 2019 11:10:45.34 [13020:8444:0620/111045.099:ERROR:appcache_update_url_loader_request.cc(174)] NOT IMPLEMENTED

6월 21, 2019 10:45:23.79 NEW SESSION
6월 21, 2019 10:45:23.79 [1100:9724:0621/104523.781:ERROR:mcs_client.cc(755)] Received close command, resetting connection.
6월 21, 2019 14:30:56.29 [1100:8028:0621/143056.295:ERROR:http_bridge.cc(127)] NOT IMPLEMENTED

6월 27, 2019 11:22:43.21 NEW SESSION
6월 27, 2019 11:22:43.21 [10624:7460:0627/112243.046:ERROR:http_bridge.cc(110)] NOT IMPLEMENTED
6월 27, 2019 11:22:43.22 [10624:8916:0627/112243.120:ERROR:browser_process_sub_thread.cc(221)] Waited 23 ms for network service

6월 28, 2019 11:36:24.29 NEW SESSION
6월 28, 2019 11:36:24.29 [10100:17612:0628/113624.138:ERROR:http_bridge.cc(110)] NOT IMPLEMENTED
6월 28, 2019 11:36:24.31 [10100:11992:0628/113624.190:ERROR:browser_process_sub_thread.cc(221)] Waited 12 ms for network service
6월 28, 2019 12:02:56.14 [5416:11288:0628/120256.147:ERROR:http_bridge.cc(110)] NOT IMPLEMENTED
6월 28, 2019 12:02:56.18 [5416:13876:0628/120256.189:ERROR:browser_process_sub_thread.cc(221)] Waited 6 ms for network service
6월 28, 2019 12:18:00.30 [13324:10992:0628/121800.306:ERROR:http_bridge.cc(110)] NOT IMPLEMENTED
6월 28, 2019 12:18:00.34 [13324:17960:0628/121800.341:ERROR:browser_process_sub_thread.cc(221)] Waited 5 ms for network service

7월 01, 2019 13:16:17.49 NEW SESSION
7월 01, 2019 13:16:17.49 [10716:6264:0701/131617.493:ERROR:http_bridge.cc(110)] NOT IMPLEMENTED
7월 01, 2019 13:16:17.55 [10716:15708:0701/131617.556:ERROR:browser_process_sub_thread.cc(221)] Waited 14 ms for network service

7월 03, 2019 13:05:17.00 NEW SESSION
7월 03, 2019 13:05:17.00 [17036:10624:0703/130517.001:ERROR:http_bridge.cc(110)] NOT IMPLEMENTED
7월 03, 2019 13:05:17.05 [17036:13524:0703/130517.055:ERROR:browser_process_sub_thread.cc(221)] Waited 17 ms for network service

7월 10, 2019 16:54:38.95 NEW SESSION
7월 10, 2019 16:54:38.95 [6156:7456:0710/165438.958:ERROR:account_tracker.cc(240)] AccessTokenFetched error: Invalid credentials (credentials rejected by client).
